Mon Jun 12 09:42:16 CST 2017  [debug] AvalonLogSystem initialized using logfile 'G:\NO9\.metadata\.plugins\com.genuitec.eclipse.templates\velocity.log'
Mon Jun 12 09:42:16 CST 2017   [info] ************************************************************** 
Mon Jun 12 09:42:16 CST 2017   [info] Starting Jakarta Velocity v1.4
Mon Jun 12 09:42:16 CST 2017   [info] RuntimeInstance initializing.
Mon Jun 12 09:42:16 CST 2017   [info] Default Properties File: org\apache\velocity\runtime\defaults\velocity.properties
Mon Jun 12 09:42:16 CST 2017   [info] Trying to use logger class org.apache.velocity.runtime.log.AvalonLogSystem
Mon Jun 12 09:42:16 CST 2017   [info] Using logger class org.apache.velocity.runtime.log.AvalonLogSystem
Mon Jun 12 09:42:16 CST 2017   [info] Default ResourceManager initializing. (class org.apache.velocity.runtime.resource.ResourceManagerImpl)
Mon Jun 12 09:42:16 CST 2017   [info] Resource Loader Instantiated: com.genuitec.eclipse.templates.internal.PluginResourceLoader
Mon Jun 12 09:42:16 CST 2017   [info] ResourceCache : initialized. (class org.apache.velocity.runtime.resource.ResourceCacheImpl)
Mon Jun 12 09:42:16 CST 2017   [info] Default ResourceManager initialization complete.
Mon Jun 12 09:42:16 CST 2017   [info] Loaded System Directive: org.apache.velocity.runtime.directive.Literal
Mon Jun 12 09:42:16 CST 2017   [info] Loaded System Directive: org.apache.velocity.runtime.directive.Macro
Mon Jun 12 09:42:17 CST 2017   [info] Loaded System Directive: org.apache.velocity.runtime.directive.Parse
Mon Jun 12 09:42:17 CST 2017   [info] Loaded System Directive: org.apache.velocity.runtime.directive.Include
Mon Jun 12 09:42:17 CST 2017   [info] Loaded System Directive: org.apache.velocity.runtime.directive.Foreach
Mon Jun 12 09:42:17 CST 2017   [info] Created: 20 parsers.
Mon Jun 12 09:42:17 CST 2017   [info] Velocimacro : initialization starting.
Mon Jun 12 09:42:17 CST 2017   [info] Velocimacro : adding VMs from VM library template : VM_global_library.vm
Mon Jun 12 09:42:17 CST 2017  [error] ResourceManager : unable to find resource 'VM_global_library.vm' in any resource loader.
Mon Jun 12 09:42:17 CST 2017   [info] Velocimacro : error using  VM library template VM_global_library.vm : org.apache.velocity.exception.ResourceNotFoundException: Unable to find resource 'VM_global_library.vm'
Mon Jun 12 09:42:17 CST 2017   [info] Velocimacro :  VM library template macro registration complete.
Mon Jun 12 09:42:17 CST 2017   [info] Velocimacro : allowInline = true : VMs can be defined inline in templates
Mon Jun 12 09:42:17 CST 2017   [info] Velocimacro : allowInlineToOverride = true : VMs defined inline may replace previous VM definitions
Mon Jun 12 09:42:17 CST 2017   [info] Velocimacro : allowInlineLocal = true : VMs defined inline will be local to their defining template only.
Mon Jun 12 09:42:17 CST 2017   [info] Velocimacro : messages on  : VM system will output logging messages
Mon Jun 12 09:42:17 CST 2017   [info] Velocimacro : autoload off  : VM system will not automatically reload global library macros
Mon Jun 12 09:42:17 CST 2017   [info] Velocimacro : initialization complete.
Mon Jun 12 09:42:17 CST 2017   [info] Velocity successfully started.
Mon Jun 12 09:42:17 CST 2017   [info] ResourceManager : found templates/jsp/Jsp.vtl with loader com.genuitec.eclipse.templates.internal.PluginResourceLoader
Mon Jun 12 09:42:17 CST 2017   [info] ResourceManager : found templates/jsp/JSPMetaTags.vtl with loader com.genuitec.eclipse.templates.internal.PluginResourceLoader
